2023-11-22 02:56:18,415 - Parser Exception: vm/script/execution/execution.vm
org.apache.velocity.runtime.parser.ParseException: Encountered "<EOF>" at line 80, column 30.
Was expecting one of:
    "[" ...
    "}" ...
    
	at org.apache.velocity.runtime.parser.Parser.generateParseException(Parser.java:3679)
	at org.apache.velocity.runtime.parser.Parser.jj_consume_token(Parser.java:3558)
	at org.apache.velocity.runtime.parser.Parser.Reference(Parser.java:1521)
	at org.apache.velocity.runtime.parser.Parser.Statement(Parser.java:357)
	at org.apache.velocity.runtime.parser.Parser.process(Parser.java:317)
	at org.apache.velocity.runtime.parser.Parser.parse(Parser.java:117)
	at org.apache.velocity.runtime.RuntimeInstance.parse(RuntimeInstance.java:1226)
	at org.apache.velocity.runtime.RuntimeInstance.parse(RuntimeInstance.java:1181)
	at org.apache.velocity.Template.process(Template.java:134)
	at org.apache.velocity.runtime.resource.ResourceManagerImpl.loadResource(ResourceManagerImpl.java:437)
	at org.apache.velocity.runtime.resource.ResourceManagerImpl.getResource(ResourceManagerImpl.java:352)
	at org.apache.velocity.runtime.RuntimeInstance.getTemplate(RuntimeInstance.java:1533)
	at org.apache.velocity.runtime.RuntimeInstance.getTemplate(RuntimeInstance.java:1514)
	at org.apache.velocity.app.VelocityEngine.getTemplate(VelocityEngine.java:373)
	at fr.insalyon.creatis.gasw.util.VelocityUtil.<init>(VelocityUtil.java:81)
	at fr.insalyon.creatis.gasw.script.ExecutionGenerator.loadApplicationExecution(ExecutionGenerator.java:195)
	at fr.insalyon.creatis.gasw.script.ScriptGenerator.generateScript(ScriptGenerator.java:109)
	at fr.insalyon.creatis.gasw.execution.GaswSubmit.generateScript(GaswSubmit.java:91)
	at fr.insalyon.creatis.gasw.plugin.executor.local.execution.LocalSubmit.<init>(LocalSubmit.java:85)
	at fr.insalyon.creatis.gasw.plugin.executor.local.LocalExecutor.load(LocalExecutor.java:65)
	at fr.insalyon.creatis.gasw.Gasw.submit(Gasw.java:101)
	at fr.insalyon.creatis.moteurlite.MoteurLite.<init>(MoteurLite.java:109)
	at fr.insalyon.creatis.moteurlite.MoteurLite.main(MoteurLite.java:72)
2023-11-22 02:56:18,417 - ResourceManager.getResource() parse exception
org.apache.velocity.exception.ParseErrorException: Encountered "<EOF>" at vm/script/execution/execution.vm[line 80, column 30]
Was expecting one of:
    "[" ...
    "}" ...
    
	at org.apache.velocity.Template.process(Template.java:151)
	at org.apache.velocity.runtime.resource.ResourceManagerImpl.loadResource(ResourceManagerImpl.java:437)
	at org.apache.velocity.runtime.resource.ResourceManagerImpl.getResource(ResourceManagerImpl.java:352)
	at org.apache.velocity.runtime.RuntimeInstance.getTemplate(RuntimeInstance.java:1533)
	at org.apache.velocity.runtime.RuntimeInstance.getTemplate(RuntimeInstance.java:1514)
	at org.apache.velocity.app.VelocityEngine.getTemplate(VelocityEngine.java:373)
	at fr.insalyon.creatis.gasw.util.VelocityUtil.<init>(VelocityUtil.java:81)
	at fr.insalyon.creatis.gasw.script.ExecutionGenerator.loadApplicationExecution(ExecutionGenerator.java:195)
	at fr.insalyon.creatis.gasw.script.ScriptGenerator.generateScript(ScriptGenerator.java:109)
	at fr.insalyon.creatis.gasw.execution.GaswSubmit.generateScript(GaswSubmit.java:91)
	at fr.insalyon.creatis.gasw.plugin.executor.local.execution.LocalSubmit.<init>(LocalSubmit.java:85)
	at fr.insalyon.creatis.gasw.plugin.executor.local.LocalExecutor.load(LocalExecutor.java:65)
	at fr.insalyon.creatis.gasw.Gasw.submit(Gasw.java:101)
	at fr.insalyon.creatis.moteurlite.MoteurLite.<init>(MoteurLite.java:109)
	at fr.insalyon.creatis.moteurlite.MoteurLite.main(MoteurLite.java:72)
2023-11-27 11:45:17,958 - Parser Exception: vm/script/execution/result.vm
org.apache.velocity.runtime.parser.ParseException: Encountered "$outputs_to_be_uploaded" at line 21, column 18.
Was expecting one of:
    "[" ...
    <RPAREN> ...
    <WHITESPACE> ...
    "-" ...
    "+" ...
    "*" ...
    "/" ...
    "%" ...
    <LOGICAL_AND> ...
    <LOGICAL_OR> ...
    <LOGICAL_LT> ...
    <LOGICAL_LE> ...
    <LOGICAL_GT> ...
    <LOGICAL_GE> ...
    <LOGICAL_EQUALS> ...
    <LOGICAL_NOT_EQUALS> ...
    
	at org.apache.velocity.runtime.parser.Parser.generateParseException(Parser.java:3679)
	at org.apache.velocity.runtime.parser.Parser.jj_consume_token(Parser.java:3558)
	at org.apache.velocity.runtime.parser.Parser.SetDirective(Parser.java:1972)
	at org.apache.velocity.runtime.parser.Parser.Statement(Parser.java:369)
	at org.apache.velocity.runtime.parser.Parser.Directive(Parser.java:918)
	at org.apache.velocity.runtime.parser.Parser.Statement(Parser.java:379)
	at org.apache.velocity.runtime.parser.Parser.process(Parser.java:317)
	at org.apache.velocity.runtime.parser.Parser.parse(Parser.java:117)
	at org.apache.velocity.runtime.RuntimeInstance.parse(RuntimeInstance.java:1226)
	at org.apache.velocity.runtime.RuntimeInstance.parse(RuntimeInstance.java:1181)
	at org.apache.velocity.Template.process(Template.java:134)
	at org.apache.velocity.runtime.resource.ResourceManagerImpl.loadResource(ResourceManagerImpl.java:437)
	at org.apache.velocity.runtime.resource.ResourceManagerImpl.getResource(ResourceManagerImpl.java:352)
	at org.apache.velocity.runtime.RuntimeInstance.getTemplate(RuntimeInstance.java:1533)
	at org.apache.velocity.runtime.RuntimeInstance.getTemplate(RuntimeInstance.java:1514)
	at org.apache.velocity.app.VelocityEngine.getTemplate(VelocityEngine.java:373)
	at fr.insalyon.creatis.gasw.util.VelocityUtil.<init>(VelocityUtil.java:81)
	at fr.insalyon.creatis.gasw.script.ExecutionGenerator.loadResultsUpload(ExecutionGenerator.java:216)
	at fr.insalyon.creatis.gasw.script.ScriptGenerator.generateScript(ScriptGenerator.java:110)
	at fr.insalyon.creatis.gasw.execution.GaswSubmit.generateScript(GaswSubmit.java:91)
	at fr.insalyon.creatis.gasw.plugin.executor.local.execution.LocalSubmit.<init>(LocalSubmit.java:85)
	at fr.insalyon.creatis.gasw.plugin.executor.local.LocalExecutor.load(LocalExecutor.java:65)
	at fr.insalyon.creatis.gasw.Gasw.submit(Gasw.java:101)
	at fr.insalyon.creatis.moteurlite.MoteurLite.<init>(MoteurLite.java:109)
	at fr.insalyon.creatis.moteurlite.MoteurLite.main(MoteurLite.java:72)
2023-11-27 11:45:17,962 - ResourceManager.getResource() parse exception
org.apache.velocity.exception.ParseErrorException: Encountered "$outputs_to_be_uploaded" at vm/script/execution/result.vm[line 21, column 18]
Was expecting one of:
    "[" ...
    <RPAREN> ...
    <WHITESPACE> ...
    "-" ...
    "+" ...
    "*" ...
    "/" ...
    "%" ...
    <LOGICAL_AND> ...
    <LOGICAL_OR> ...
    <LOGICAL_LT> ...
    <LOGICAL_LE> ...
    <LOGICAL_GT> ...
    <LOGICAL_GE> ...
    <LOGICAL_EQUALS> ...
    <LOGICAL_NOT_EQUALS> ...
    
	at org.apache.velocity.Template.process(Template.java:151)
	at org.apache.velocity.runtime.resource.ResourceManagerImpl.loadResource(ResourceManagerImpl.java:437)
	at org.apache.velocity.runtime.resource.ResourceManagerImpl.getResource(ResourceManagerImpl.java:352)
	at org.apache.velocity.runtime.RuntimeInstance.getTemplate(RuntimeInstance.java:1533)
	at org.apache.velocity.runtime.RuntimeInstance.getTemplate(RuntimeInstance.java:1514)
	at org.apache.velocity.app.VelocityEngine.getTemplate(VelocityEngine.java:373)
	at fr.insalyon.creatis.gasw.util.VelocityUtil.<init>(VelocityUtil.java:81)
	at fr.insalyon.creatis.gasw.script.ExecutionGenerator.loadResultsUpload(ExecutionGenerator.java:216)
	at fr.insalyon.creatis.gasw.script.ScriptGenerator.generateScript(ScriptGenerator.java:110)
	at fr.insalyon.creatis.gasw.execution.GaswSubmit.generateScript(GaswSubmit.java:91)
	at fr.insalyon.creatis.gasw.plugin.executor.local.execution.LocalSubmit.<init>(LocalSubmit.java:85)
	at fr.insalyon.creatis.gasw.plugin.executor.local.LocalExecutor.load(LocalExecutor.java:65)
	at fr.insalyon.creatis.gasw.Gasw.submit(Gasw.java:101)
	at fr.insalyon.creatis.moteurlite.MoteurLite.<init>(MoteurLite.java:109)
	at fr.insalyon.creatis.moteurlite.MoteurLite.main(MoteurLite.java:72)
2023-11-30 22:13:37,119 - ResourceManager.getResource() parse exception
org.apache.velocity.exception.ParseErrorException: Lexical error,   Encountered: "@" (64), after : "" at vm/script/execution/result.vm[line 26, column 55]
	at org.apache.velocity.Template.process(Template.java:151)
	at org.apache.velocity.runtime.resource.ResourceManagerImpl.loadResource(ResourceManagerImpl.java:437)
	at org.apache.velocity.runtime.resource.ResourceManagerImpl.getResource(ResourceManagerImpl.java:352)
	at org.apache.velocity.runtime.RuntimeInstance.getTemplate(RuntimeInstance.java:1533)
	at org.apache.velocity.runtime.RuntimeInstance.getTemplate(RuntimeInstance.java:1514)
	at org.apache.velocity.app.VelocityEngine.getTemplate(VelocityEngine.java:373)
	at fr.insalyon.creatis.gasw.util.VelocityUtil.<init>(VelocityUtil.java:81)
	at fr.insalyon.creatis.gasw.script.ExecutionGenerator.loadResultsUpload(ExecutionGenerator.java:216)
	at fr.insalyon.creatis.gasw.script.ScriptGenerator.generateScript(ScriptGenerator.java:110)
	at fr.insalyon.creatis.gasw.execution.GaswSubmit.generateScript(GaswSubmit.java:91)
	at fr.insalyon.creatis.gasw.plugin.executor.local.execution.LocalSubmit.<init>(LocalSubmit.java:85)
	at fr.insalyon.creatis.gasw.plugin.executor.local.LocalExecutor.load(LocalExecutor.java:65)
	at fr.insalyon.creatis.gasw.Gasw.submit(Gasw.java:101)
	at fr.insalyon.creatis.moteurlite.MoteurLite.<init>(MoteurLite.java:109)
	at fr.insalyon.creatis.moteurlite.MoteurLite.main(MoteurLite.java:72)
2023-11-30 22:21:13,979 - ResourceManager.getResource() parse exception
org.apache.velocity.exception.ParseErrorException: Lexical error,   Encountered: "@" (64), after : "" at vm/script/execution/result.vm[line 27, column 55]
	at org.apache.velocity.Template.process(Template.java:151)
	at org.apache.velocity.runtime.resource.ResourceManagerImpl.loadResource(ResourceManagerImpl.java:437)
	at org.apache.velocity.runtime.resource.ResourceManagerImpl.getResource(ResourceManagerImpl.java:352)
	at org.apache.velocity.runtime.RuntimeInstance.getTemplate(RuntimeInstance.java:1533)
	at org.apache.velocity.runtime.RuntimeInstance.getTemplate(RuntimeInstance.java:1514)
	at org.apache.velocity.app.VelocityEngine.getTemplate(VelocityEngine.java:373)
	at fr.insalyon.creatis.gasw.util.VelocityUtil.<init>(VelocityUtil.java:81)
	at fr.insalyon.creatis.gasw.script.ExecutionGenerator.loadResultsUpload(ExecutionGenerator.java:216)
	at fr.insalyon.creatis.gasw.script.ScriptGenerator.generateScript(ScriptGenerator.java:110)
	at fr.insalyon.creatis.gasw.execution.GaswSubmit.generateScript(GaswSubmit.java:91)
	at fr.insalyon.creatis.gasw.plugin.executor.local.execution.LocalSubmit.<init>(LocalSubmit.java:85)
	at fr.insalyon.creatis.gasw.plugin.executor.local.LocalExecutor.load(LocalExecutor.java:65)
	at fr.insalyon.creatis.gasw.Gasw.submit(Gasw.java:101)
	at fr.insalyon.creatis.moteurlite.MoteurLite.<init>(MoteurLite.java:109)
	at fr.insalyon.creatis.moteurlite.MoteurLite.main(MoteurLite.java:72)
2023-11-30 22:22:25,431 - ResourceManager.getResource() parse exception
org.apache.velocity.exception.ParseErrorException: Lexical error,   Encountered: "@" (64), after : "" at vm/script/execution/result.vm[line 30, column 55]
	at org.apache.velocity.Template.process(Template.java:151)
	at org.apache.velocity.runtime.resource.ResourceManagerImpl.loadResource(ResourceManagerImpl.java:437)
	at org.apache.velocity.runtime.resource.ResourceManagerImpl.getResource(ResourceManagerImpl.java:352)
	at org.apache.velocity.runtime.RuntimeInstance.getTemplate(RuntimeInstance.java:1533)
	at org.apache.velocity.runtime.RuntimeInstance.getTemplate(RuntimeInstance.java:1514)
	at org.apache.velocity.app.VelocityEngine.getTemplate(VelocityEngine.java:373)
	at fr.insalyon.creatis.gasw.util.VelocityUtil.<init>(VelocityUtil.java:81)
	at fr.insalyon.creatis.gasw.script.ExecutionGenerator.loadResultsUpload(ExecutionGenerator.java:216)
	at fr.insalyon.creatis.gasw.script.ScriptGenerator.generateScript(ScriptGenerator.java:110)
	at fr.insalyon.creatis.gasw.execution.GaswSubmit.generateScript(GaswSubmit.java:91)
	at fr.insalyon.creatis.gasw.plugin.executor.local.execution.LocalSubmit.<init>(LocalSubmit.java:85)
	at fr.insalyon.creatis.gasw.plugin.executor.local.LocalExecutor.load(LocalExecutor.java:65)
	at fr.insalyon.creatis.gasw.Gasw.submit(Gasw.java:101)
	at fr.insalyon.creatis.moteurlite.MoteurLite.<init>(MoteurLite.java:109)
	at fr.insalyon.creatis.moteurlite.MoteurLite.main(MoteurLite.java:72)
2023-11-30 22:25:20,760 - ResourceManager.getResource() parse exception
org.apache.velocity.exception.ParseErrorException: Lexical error,   Encountered: "@" (64), after : "" at vm/script/execution/result.vm[line 27, column 59]
	at org.apache.velocity.Template.process(Template.java:151)
	at org.apache.velocity.runtime.resource.ResourceManagerImpl.loadResource(ResourceManagerImpl.java:437)
	at org.apache.velocity.runtime.resource.ResourceManagerImpl.getResource(ResourceManagerImpl.java:352)
	at org.apache.velocity.runtime.RuntimeInstance.getTemplate(RuntimeInstance.java:1533)
	at org.apache.velocity.runtime.RuntimeInstance.getTemplate(RuntimeInstance.java:1514)
	at org.apache.velocity.app.VelocityEngine.getTemplate(VelocityEngine.java:373)
	at fr.insalyon.creatis.gasw.util.VelocityUtil.<init>(VelocityUtil.java:81)
	at fr.insalyon.creatis.gasw.script.ExecutionGenerator.loadResultsUpload(ExecutionGenerator.java:216)
	at fr.insalyon.creatis.gasw.script.ScriptGenerator.generateScript(ScriptGenerator.java:110)
	at fr.insalyon.creatis.gasw.execution.GaswSubmit.generateScript(GaswSubmit.java:91)
	at fr.insalyon.creatis.gasw.plugin.executor.local.execution.LocalSubmit.<init>(LocalSubmit.java:85)
	at fr.insalyon.creatis.gasw.plugin.executor.local.LocalExecutor.load(LocalExecutor.java:65)
	at fr.insalyon.creatis.gasw.Gasw.submit(Gasw.java:101)
	at fr.insalyon.creatis.moteurlite.MoteurLite.<init>(MoteurLite.java:109)
	at fr.insalyon.creatis.moteurlite.MoteurLite.main(MoteurLite.java:72)
2023-11-30 22:26:36,417 - ResourceManager.getResource() parse exception
org.apache.velocity.exception.ParseErrorException: Lexical error,   Encountered: "@" (64), after : "" at vm/script/execution/result.vm[line 27, column 55]
	at org.apache.velocity.Template.process(Template.java:151)
	at org.apache.velocity.runtime.resource.ResourceManagerImpl.loadResource(ResourceManagerImpl.java:437)
	at org.apache.velocity.runtime.resource.ResourceManagerImpl.getResource(ResourceManagerImpl.java:352)
	at org.apache.velocity.runtime.RuntimeInstance.getTemplate(RuntimeInstance.java:1533)
	at org.apache.velocity.runtime.RuntimeInstance.getTemplate(RuntimeInstance.java:1514)
	at org.apache.velocity.app.VelocityEngine.getTemplate(VelocityEngine.java:373)
	at fr.insalyon.creatis.gasw.util.VelocityUtil.<init>(VelocityUtil.java:81)
	at fr.insalyon.creatis.gasw.script.ExecutionGenerator.loadResultsUpload(ExecutionGenerator.java:216)
	at fr.insalyon.creatis.gasw.script.ScriptGenerator.generateScript(ScriptGenerator.java:110)
	at fr.insalyon.creatis.gasw.execution.GaswSubmit.generateScript(GaswSubmit.java:91)
	at fr.insalyon.creatis.gasw.plugin.executor.local.execution.LocalSubmit.<init>(LocalSubmit.java:85)
	at fr.insalyon.creatis.gasw.plugin.executor.local.LocalExecutor.load(LocalExecutor.java:65)
	at fr.insalyon.creatis.gasw.Gasw.submit(Gasw.java:101)
	at fr.insalyon.creatis.moteurlite.MoteurLite.<init>(MoteurLite.java:109)
	at fr.insalyon.creatis.moteurlite.MoteurLite.main(MoteurLite.java:72)
2023-11-30 23:30:51,512 - ResourceManager.getResource() parse exception
org.apache.velocity.exception.ParseErrorException: Lexical error,   Encountered: "@" (64), after : "" at vm/script/execution/result.vm[line 27, column 55]
	at org.apache.velocity.Template.process(Template.java:151)
	at org.apache.velocity.runtime.resource.ResourceManagerImpl.loadResource(ResourceManagerImpl.java:437)
	at org.apache.velocity.runtime.resource.ResourceManagerImpl.getResource(ResourceManagerImpl.java:352)
	at org.apache.velocity.runtime.RuntimeInstance.getTemplate(RuntimeInstance.java:1533)
	at org.apache.velocity.runtime.RuntimeInstance.getTemplate(RuntimeInstance.java:1514)
	at org.apache.velocity.app.VelocityEngine.getTemplate(VelocityEngine.java:373)
	at fr.insalyon.creatis.gasw.util.VelocityUtil.<init>(VelocityUtil.java:81)
	at fr.insalyon.creatis.gasw.script.ExecutionGenerator.loadResultsUpload(ExecutionGenerator.java:216)
	at fr.insalyon.creatis.gasw.script.ScriptGenerator.generateScript(ScriptGenerator.java:110)
	at fr.insalyon.creatis.gasw.execution.GaswSubmit.generateScript(GaswSubmit.java:91)
	at fr.insalyon.creatis.gasw.plugin.executor.local.execution.LocalSubmit.<init>(LocalSubmit.java:85)
	at fr.insalyon.creatis.gasw.plugin.executor.local.LocalExecutor.load(LocalExecutor.java:65)
	at fr.insalyon.creatis.gasw.Gasw.submit(Gasw.java:101)
	at fr.insalyon.creatis.moteurlite.MoteurLite.<init>(MoteurLite.java:109)
	at fr.insalyon.creatis.moteurlite.MoteurLite.main(MoteurLite.java:72)
2023-11-30 23:32:47,536 - ResourceManager.getResource() parse exception
org.apache.velocity.exception.ParseErrorException: Lexical error,   Encountered: "@" (64), after : "" at vm/script/execution/result.vm[line 27, column 55]
	at org.apache.velocity.Template.process(Template.java:151)
	at org.apache.velocity.runtime.resource.ResourceManagerImpl.loadResource(ResourceManagerImpl.java:437)
	at org.apache.velocity.runtime.resource.ResourceManagerImpl.getResource(ResourceManagerImpl.java:352)
	at org.apache.velocity.runtime.RuntimeInstance.getTemplate(RuntimeInstance.java:1533)
	at org.apache.velocity.runtime.RuntimeInstance.getTemplate(RuntimeInstance.java:1514)
	at org.apache.velocity.app.VelocityEngine.getTemplate(VelocityEngine.java:373)
	at fr.insalyon.creatis.gasw.util.VelocityUtil.<init>(VelocityUtil.java:81)
	at fr.insalyon.creatis.gasw.script.ExecutionGenerator.loadResultsUpload(ExecutionGenerator.java:216)
	at fr.insalyon.creatis.gasw.script.ScriptGenerator.generateScript(ScriptGenerator.java:110)
	at fr.insalyon.creatis.gasw.execution.GaswSubmit.generateScript(GaswSubmit.java:91)
	at fr.insalyon.creatis.gasw.plugin.executor.local.execution.LocalSubmit.<init>(LocalSubmit.java:85)
	at fr.insalyon.creatis.gasw.plugin.executor.local.LocalExecutor.load(LocalExecutor.java:65)
	at fr.insalyon.creatis.gasw.Gasw.submit(Gasw.java:101)
	at fr.insalyon.creatis.moteurlite.MoteurLite.<init>(MoteurLite.java:109)
	at fr.insalyon.creatis.moteurlite.MoteurLite.main(MoteurLite.java:72)
2023-11-30 23:34:59,426 - Parser Exception: vm/script/execution/result.vm
org.apache.velocity.runtime.parser.ParseException: Encountered "outputs_to_be_uploaded" at line 27, column 31.
Was expecting one of:
    "}" ...
    <WHITESPACE> ...
    "}" ...
    <WHITESPACE> ...
    
	at org.apache.velocity.runtime.parser.Parser.generateParseException(Parser.java:3679)
	at org.apache.velocity.runtime.parser.Parser.jj_consume_token(Parser.java:3558)
	at org.apache.velocity.runtime.parser.Parser.Map(Parser.java:1038)
	at org.apache.velocity.runtime.parser.Parser.PrimaryExpression(Parser.java:2626)
	at org.apache.velocity.runtime.parser.Parser.UnaryExpression(Parser.java:2586)
	at org.apache.velocity.runtime.parser.Parser.MultiplicativeExpression(Parser.java:2435)
	at org.apache.velocity.runtime.parser.Parser.AdditiveExpression(Parser.java:2359)
	at org.apache.velocity.runtime.parser.Parser.RelationalExpression(Parser.java:2227)
	at org.apache.velocity.runtime.parser.Parser.EqualityExpression(Parser.java:2151)
	at org.apache.velocity.runtime.parser.Parser.ConditionalAndExpression(Parser.java:2111)
	at org.apache.velocity.runtime.parser.Parser.ConditionalOrExpression(Parser.java:2071)
	at org.apache.velocity.runtime.parser.Parser.Expression(Parser.java:2018)
	at org.apache.velocity.runtime.parser.Parser.SetDirective(Parser.java:1971)
	at org.apache.velocity.runtime.parser.Parser.Statement(Parser.java:369)
	at org.apache.velocity.runtime.parser.Parser.process(Parser.java:317)
	at org.apache.velocity.runtime.parser.Parser.parse(Parser.java:117)
	at org.apache.velocity.runtime.RuntimeInstance.parse(RuntimeInstance.java:1226)
	at org.apache.velocity.runtime.RuntimeInstance.parse(RuntimeInstance.java:1181)
	at org.apache.velocity.Template.process(Template.java:134)
	at org.apache.velocity.runtime.resource.ResourceManagerImpl.loadResource(ResourceManagerImpl.java:437)
	at org.apache.velocity.runtime.resource.ResourceManagerImpl.getResource(ResourceManagerImpl.java:352)
	at org.apache.velocity.runtime.RuntimeInstance.getTemplate(RuntimeInstance.java:1533)
	at org.apache.velocity.runtime.RuntimeInstance.getTemplate(RuntimeInstance.java:1514)
	at org.apache.velocity.app.VelocityEngine.getTemplate(VelocityEngine.java:373)
	at fr.insalyon.creatis.gasw.util.VelocityUtil.<init>(VelocityUtil.java:81)
	at fr.insalyon.creatis.gasw.script.ExecutionGenerator.loadResultsUpload(ExecutionGenerator.java:216)
	at fr.insalyon.creatis.gasw.script.ScriptGenerator.generateScript(ScriptGenerator.java:110)
	at fr.insalyon.creatis.gasw.execution.GaswSubmit.generateScript(GaswSubmit.java:91)
	at fr.insalyon.creatis.gasw.plugin.executor.local.execution.LocalSubmit.<init>(LocalSubmit.java:85)
	at fr.insalyon.creatis.gasw.plugin.executor.local.LocalExecutor.load(LocalExecutor.java:65)
	at fr.insalyon.creatis.gasw.Gasw.submit(Gasw.java:101)
	at fr.insalyon.creatis.moteurlite.MoteurLite.<init>(MoteurLite.java:109)
	at fr.insalyon.creatis.moteurlite.MoteurLite.main(MoteurLite.java:72)
2023-11-30 23:34:59,430 - ResourceManager.getResource() parse exception
org.apache.velocity.exception.ParseErrorException: Encountered "outputs_to_be_uploaded" at vm/script/execution/result.vm[line 27, column 31]
Was expecting one of:
    "}" ...
    <WHITESPACE> ...
    "}" ...
    <WHITESPACE> ...
    
	at org.apache.velocity.Template.process(Template.java:151)
	at org.apache.velocity.runtime.resource.ResourceManagerImpl.loadResource(ResourceManagerImpl.java:437)
	at org.apache.velocity.runtime.resource.ResourceManagerImpl.getResource(ResourceManagerImpl.java:352)
	at org.apache.velocity.runtime.RuntimeInstance.getTemplate(RuntimeInstance.java:1533)
	at org.apache.velocity.runtime.RuntimeInstance.getTemplate(RuntimeInstance.java:1514)
	at org.apache.velocity.app.VelocityEngine.getTemplate(VelocityEngine.java:373)
	at fr.insalyon.creatis.gasw.util.VelocityUtil.<init>(VelocityUtil.java:81)
	at fr.insalyon.creatis.gasw.script.ExecutionGenerator.loadResultsUpload(ExecutionGenerator.java:216)
	at fr.insalyon.creatis.gasw.script.ScriptGenerator.generateScript(ScriptGenerator.java:110)
	at fr.insalyon.creatis.gasw.execution.GaswSubmit.generateScript(GaswSubmit.java:91)
	at fr.insalyon.creatis.gasw.plugin.executor.local.execution.LocalSubmit.<init>(LocalSubmit.java:85)
	at fr.insalyon.creatis.gasw.plugin.executor.local.LocalExecutor.load(LocalExecutor.java:65)
	at fr.insalyon.creatis.gasw.Gasw.submit(Gasw.java:101)
	at fr.insalyon.creatis.moteurlite.MoteurLite.<init>(MoteurLite.java:109)
	at fr.insalyon.creatis.moteurlite.MoteurLite.main(MoteurLite.java:72)
2023-11-30 23:36:24,077 - ResourceManager.getResource() parse exception
org.apache.velocity.exception.ParseErrorException: Lexical error,   Encountered: "@" (64), after : "" at vm/script/execution/result.vm[line 27, column 55]
	at org.apache.velocity.Template.process(Template.java:151)
	at org.apache.velocity.runtime.resource.ResourceManagerImpl.loadResource(ResourceManagerImpl.java:437)
	at org.apache.velocity.runtime.resource.ResourceManagerImpl.getResource(ResourceManagerImpl.java:352)
	at org.apache.velocity.runtime.RuntimeInstance.getTemplate(RuntimeInstance.java:1533)
	at org.apache.velocity.runtime.RuntimeInstance.getTemplate(RuntimeInstance.java:1514)
	at org.apache.velocity.app.VelocityEngine.getTemplate(VelocityEngine.java:373)
	at fr.insalyon.creatis.gasw.util.VelocityUtil.<init>(VelocityUtil.java:81)
	at fr.insalyon.creatis.gasw.script.ExecutionGenerator.loadResultsUpload(ExecutionGenerator.java:216)
	at fr.insalyon.creatis.gasw.script.ScriptGenerator.generateScript(ScriptGenerator.java:110)
	at fr.insalyon.creatis.gasw.execution.GaswSubmit.generateScript(GaswSubmit.java:91)
	at fr.insalyon.creatis.gasw.plugin.executor.local.execution.LocalSubmit.<init>(LocalSubmit.java:85)
	at fr.insalyon.creatis.gasw.plugin.executor.local.LocalExecutor.load(LocalExecutor.java:65)
	at fr.insalyon.creatis.gasw.Gasw.submit(Gasw.java:101)
	at fr.insalyon.creatis.moteurlite.MoteurLite.<init>(MoteurLite.java:109)
	at fr.insalyon.creatis.moteurlite.MoteurLite.main(MoteurLite.java:72)
2023-11-30 23:42:17,128 - ResourceManager.getResource() parse exception
org.apache.velocity.exception.ParseErrorException: Lexical error,   Encountered: "@" (64), after : "" at vm/script/execution/result.vm[line 30, column 55]
	at org.apache.velocity.Template.process(Template.java:151)
	at org.apache.velocity.runtime.resource.ResourceManagerImpl.loadResource(ResourceManagerImpl.java:437)
	at org.apache.velocity.runtime.resource.ResourceManagerImpl.getResource(ResourceManagerImpl.java:352)
	at org.apache.velocity.runtime.RuntimeInstance.getTemplate(RuntimeInstance.java:1533)
	at org.apache.velocity.runtime.RuntimeInstance.getTemplate(RuntimeInstance.java:1514)
	at org.apache.velocity.app.VelocityEngine.getTemplate(VelocityEngine.java:373)
	at fr.insalyon.creatis.gasw.util.VelocityUtil.<init>(VelocityUtil.java:81)
	at fr.insalyon.creatis.gasw.script.ExecutionGenerator.loadResultsUpload(ExecutionGenerator.java:216)
	at fr.insalyon.creatis.gasw.script.ScriptGenerator.generateScript(ScriptGenerator.java:110)
	at fr.insalyon.creatis.gasw.execution.GaswSubmit.generateScript(GaswSubmit.java:91)
	at fr.insalyon.creatis.gasw.plugin.executor.local.execution.LocalSubmit.<init>(LocalSubmit.java:85)
	at fr.insalyon.creatis.gasw.plugin.executor.local.LocalExecutor.load(LocalExecutor.java:65)
	at fr.insalyon.creatis.gasw.Gasw.submit(Gasw.java:101)
	at fr.insalyon.creatis.moteurlite.MoteurLite.<init>(MoteurLite.java:109)
	at fr.insalyon.creatis.moteurlite.MoteurLite.main(MoteurLite.java:72)
2023-12-01 11:03:19,008 - ResourceManager.getResource() parse exception
org.apache.velocity.exception.ParseErrorException: Lexical error,   Encountered: "@" (64), after : "" at vm/script/execution/result.vm[line 32, column 21]
	at org.apache.velocity.Template.process(Template.java:151)
	at org.apache.velocity.runtime.resource.ResourceManagerImpl.loadResource(ResourceManagerImpl.java:437)
	at org.apache.velocity.runtime.resource.ResourceManagerImpl.getResource(ResourceManagerImpl.java:352)
	at org.apache.velocity.runtime.RuntimeInstance.getTemplate(RuntimeInstance.java:1533)
	at org.apache.velocity.runtime.RuntimeInstance.getTemplate(RuntimeInstance.java:1514)
	at org.apache.velocity.app.VelocityEngine.getTemplate(VelocityEngine.java:373)
	at fr.insalyon.creatis.gasw.util.VelocityUtil.<init>(VelocityUtil.java:81)
	at fr.insalyon.creatis.gasw.script.ExecutionGenerator.loadResultsUpload(ExecutionGenerator.java:216)
	at fr.insalyon.creatis.gasw.script.ScriptGenerator.generateScript(ScriptGenerator.java:110)
	at fr.insalyon.creatis.gasw.execution.GaswSubmit.generateScript(GaswSubmit.java:91)
	at fr.insalyon.creatis.gasw.plugin.executor.local.execution.LocalSubmit.<init>(LocalSubmit.java:85)
	at fr.insalyon.creatis.gasw.plugin.executor.local.LocalExecutor.load(LocalExecutor.java:65)
	at fr.insalyon.creatis.gasw.Gasw.submit(Gasw.java:101)
	at fr.insalyon.creatis.moteurlite.MoteurLite.<init>(MoteurLite.java:109)
	at fr.insalyon.creatis.moteurlite.MoteurLite.main(MoteurLite.java:72)
2023-12-01 11:03:55,608 - ResourceManager.getResource() parse exception
org.apache.velocity.exception.ParseErrorException: Lexical error,   Encountered: "@" (64), after : "" at vm/script/execution/result.vm[line 32, column 22]
	at org.apache.velocity.Template.process(Template.java:151)
	at org.apache.velocity.runtime.resource.ResourceManagerImpl.loadResource(ResourceManagerImpl.java:437)
	at org.apache.velocity.runtime.resource.ResourceManagerImpl.getResource(ResourceManagerImpl.java:352)
	at org.apache.velocity.runtime.RuntimeInstance.getTemplate(RuntimeInstance.java:1533)
	at org.apache.velocity.runtime.RuntimeInstance.getTemplate(RuntimeInstance.java:1514)
	at org.apache.velocity.app.VelocityEngine.getTemplate(VelocityEngine.java:373)
	at fr.insalyon.creatis.gasw.util.VelocityUtil.<init>(VelocityUtil.java:81)
	at fr.insalyon.creatis.gasw.script.ExecutionGenerator.loadResultsUpload(ExecutionGenerator.java:216)
	at fr.insalyon.creatis.gasw.script.ScriptGenerator.generateScript(ScriptGenerator.java:110)
	at fr.insalyon.creatis.gasw.execution.GaswSubmit.generateScript(GaswSubmit.java:91)
	at fr.insalyon.creatis.gasw.plugin.executor.local.execution.LocalSubmit.<init>(LocalSubmit.java:85)
	at fr.insalyon.creatis.gasw.plugin.executor.local.LocalExecutor.load(LocalExecutor.java:65)
	at fr.insalyon.creatis.gasw.Gasw.submit(Gasw.java:101)
	at fr.insalyon.creatis.moteurlite.MoteurLite.<init>(MoteurLite.java:109)
	at fr.insalyon.creatis.moteurlite.MoteurLite.main(MoteurLite.java:72)
2023-12-01 11:04:24,136 - ResourceManager.getResource() parse exception
org.apache.velocity.exception.ParseErrorException: Lexical error,   Encountered: "@" (64), after : "" at vm/script/execution/result.vm[line 32, column 23]
	at org.apache.velocity.Template.process(Template.java:151)
	at org.apache.velocity.runtime.resource.ResourceManagerImpl.loadResource(ResourceManagerImpl.java:437)
	at org.apache.velocity.runtime.resource.ResourceManagerImpl.getResource(ResourceManagerImpl.java:352)
	at org.apache.velocity.runtime.RuntimeInstance.getTemplate(RuntimeInstance.java:1533)
	at org.apache.velocity.runtime.RuntimeInstance.getTemplate(RuntimeInstance.java:1514)
	at org.apache.velocity.app.VelocityEngine.getTemplate(VelocityEngine.java:373)
	at fr.insalyon.creatis.gasw.util.VelocityUtil.<init>(VelocityUtil.java:81)
	at fr.insalyon.creatis.gasw.script.ExecutionGenerator.loadResultsUpload(ExecutionGenerator.java:216)
	at fr.insalyon.creatis.gasw.script.ScriptGenerator.generateScript(ScriptGenerator.java:110)
	at fr.insalyon.creatis.gasw.execution.GaswSubmit.generateScript(GaswSubmit.java:91)
	at fr.insalyon.creatis.gasw.plugin.executor.local.execution.LocalSubmit.<init>(LocalSubmit.java:85)
	at fr.insalyon.creatis.gasw.plugin.executor.local.LocalExecutor.load(LocalExecutor.java:65)
	at fr.insalyon.creatis.gasw.Gasw.submit(Gasw.java:101)
	at fr.insalyon.creatis.moteurlite.MoteurLite.<init>(MoteurLite.java:109)
	at fr.insalyon.creatis.moteurlite.MoteurLite.main(MoteurLite.java:72)
